2019-04-05T04:54:35+00:00 CRITICAL syntax error, unexpected 'public' (T_PUBLIC), expecting end of file in C:\xampp\htdocs\thegioicongnghe\wp-content\themes\doanhnghiep\includes\admin\function-admin.php on line 104

2019-04-05T04:56:35+00:00 CRITICAL syntax error, unexpected 'public' (T_PUBLIC), expecting end of file in C:\xampp\htdocs\thegioicongnghe\wp-content\themes\doanhnghiep\includes\admin\function-admin.php on line 44

2019-04-05T04:57:37+00:00 CRITICAL syntax error, unexpected 'public' (T_PUBLIC), expecting end of file in C:\xampp\htdocs\thegioicongnghe\wp-content\themes\doanhnghiep\includes\admin\function-admin.php on line 44

2019-04-05T04:57:38+00:00 CRITICAL syntax error, unexpected 'public' (T_PUBLIC), expecting end of file in C:\xampp\htdocs\thegioicongnghe\wp-content\themes\doanhnghiep\includes\admin\function-admin.php on line 44

2019-04-05T04:57:51+00:00 CRITICAL syntax error, unexpected 'private' (T_PRIVATE), expecting end of file in C:\xampp\htdocs\thegioicongnghe\wp-content\themes\doanhnghiep\includes\admin\function-admin.php on line 49

2019-04-05T04:57:56+00:00 CRITICAL Cannot redeclare zang_custom_settings() (previously declared in C:\xampp\htdocs\thegioicongnghe\wp-content\themes\doanhnghiep\includes\admin\function-admin.php:19) in C:\xampp\htdocs\thegioicongnghe\wp-content\themes\doanhnghiep\includes\admin\function-admin.php on line 47

2019-04-05T04:59:37+00:00 CRITICAL Cannot redeclare zang_custom_settings() (previously declared in C:\xampp\htdocs\thegioicongnghe\wp-content\themes\doanhnghiep\includes\admin\function-admin.php:19) in C:\xampp\htdocs\thegioicongnghe\wp-content\themes\doanhnghiep\includes\admin\function-admin.php on line 47

2019-04-05T05:01:45+00:00 CRITICAL Uncaught Error: Using $this when not in object context in C:\xampp\htdocs\thegioicongnghe\wp-content\themes\doanhnghiep\includes\admin\function-admin.php:14
Stack trace:
#0 C:\xampp\htdocs\thegioicongnghe\wp-includes\class-wp-hook.php(286): zang_add_admin_page('')
#1 C:\xampp\htdocs\thegioicongnghe\wp-includes\class-wp-hook.php(310): WP_Hook->apply_filters(NULL, Array)
#2 C:\xampp\htdocs\thegioicongnghe\wp-includes\plugin.php(453): WP_Hook->do_action(Array)
#3 C:\xampp\htdocs\thegioicongnghe\wp-admin\includes\menu.php(149): do_action('admin_menu', '')
#4 C:\xampp\htdocs\thegioicongnghe\wp-admin\menu.php(294): require_once('C:\\xampp\\htdocs...')
#5 C:\xampp\htdocs\thegioicongnghe\wp-admin\admin.php(140): require('C:\\xampp\\htdocs...')
#6 {main}
  thrown in C:\xampp\htdocs\thegioicongnghe\wp-content\themes\doanhnghiep\includes\admin\function-admin.php on line 14

2019-04-05T05:02:05+00:00 CRITICAL Uncaught Error: Using $this when not in object context in C:\xampp\htdocs\thegioicongnghe\wp-content\themes\doanhnghiep\includes\admin\function-admin.php:14
Stack trace:
#0 C:\xampp\htdocs\thegioicongnghe\wp-includes\class-wp-hook.php(286): zang_add_admin_page('')
#1 C:\xampp\htdocs\thegioicongnghe\wp-includes\class-wp-hook.php(310): WP_Hook->apply_filters(NULL, Array)
#2 C:\xampp\htdocs\thegioicongnghe\wp-includes\plugin.php(453): WP_Hook->do_action(Array)
#3 C:\xampp\htdocs\thegioicongnghe\wp-admin\includes\menu.php(149): do_action('admin_menu', '')
#4 C:\xampp\htdocs\thegioicongnghe\wp-admin\menu.php(294): require_once('C:\\xampp\\htdocs...')
#5 C:\xampp\htdocs\thegioicongnghe\wp-admin\admin.php(140): require('C:\\xampp\\htdocs...')
#6 {main}
  thrown in C:\xampp\htdocs\thegioicongnghe\wp-content\themes\doanhnghiep\includes\admin\function-admin.php on line 14

2019-04-05T08:05:44+00:00 CRITICAL Cannot redeclare ch_essentials_options() (previously declared in C:\xampp\htdocs\thegioicongnghe\wp-content\themes\doanhnghiep\includes\admin\function-admin.php:12) in C:\xampp\htdocs\thegioicongnghe\wp-content\themes\doanhnghiep\includes\admin\function-admin.php on line 55

2019-04-05T08:49:04+00:00 CRITICAL syntax error, unexpected ',' in C:\xampp\htdocs\thegioicongnghe\wp-content\themes\doanhnghiep\includes\admin\function-admin.php on line 25

